<?xml version="1.0" encoding="UTF-8"?>
<!-- Generated by org.testng.reporters.JUnitXMLReporter -->
<testsuite hostname="shupan-zhihuiya" name="zhihuiya_searchResult_7" tests="1" failures="1" timestamp="17 Jun 2014 03:59:14 GMT" time="180.575" errors="0">
  <testcase name="searchResult_8" time="174.017" classname="Zhihuiya_regressionTest">
    <failure type="java.lang.AssertionError" message="expected [true] but found [false]">
      <![CDATA[java.lang.AssertionError: expected [true] but found [false]
	at Zhihuiya_regressionTest.searchResult_8(Zhihuiya_regressionTest.java:981)
... Removed 29 stack frames]]>
    </failure>
  </testcase> <!-- searchResult_8 -->
</testsuite> <!-- zhihuiya_searchResult_7 -->
