<?xml version="1.0" encoding="UTF-8"?>
<!-- Generated by org.testng.reporters.JUnitXMLReporter -->
<testsuite hostname="aaron-PC" name="zhihuiya_searchResult_1" tests="1" failures="1" timestamp="12 Aug 2014 10:16:47 GMT" time="122.165" errors="0">
  <testcase name="searchResult_1" time="117.532" classname="Zhihuiya_regressionTest">
    <failure type="java.lang.AssertionError" message="expected [true] but found [false]">
      <![CDATA[java.lang.AssertionError: expected [true] but found [false]
	at Zhihuiya_regressionTest.searchResult_1(Zhihuiya_regressionTest.java:420)
... Removed 29 stack frames]]>
    </failure>
  </testcase> <!-- searchResult_1 -->
</testsuite> <!-- zhihuiya_searchResult_1 -->
