<?xml version="1.0" encoding="UTF-8"?>
<!-- Generated by org.testng.reporters.JUnitXMLReporter -->
<testsuite hostname="NHSHITNB72370" name="Test1" tests="1" failures="1" timestamp="27 Feb 2014 05:07:06 GMT" time="38.835" errors="0">
  <testcase name="testCase2" time="28.457" classname="org.hq.autotest.SeleniumTestNGExample">
    <failure type="java.lang.AssertionError" message="expected [false] but found [true]">
      <![CDATA[java.lang.AssertionError: expected [false] but found [true]
	at org.hq.autotest.SeleniumTestNGExample.testCase2(SeleniumTestNGExample.java:142)
... Removed 29 stack frames]]>
    </failure>
  </testcase> <!-- testCase2 -->
</testsuite> <!-- Test1 -->
