<?xml version="1.0" encoding="UTF-8"?>
<!-- Generated by org.testng.reporters.JUnitXMLReporter -->
<testsuite hostname="aaron-PC" name="zhihuiya_export_pat_357_1" tests="1" failures="1" timestamp="5 Aug 2014 05:53:31 GMT" time="23.535" errors="0">
  <testcase name="export_pat_357" time="20.61" classname="Zhihuiya_regressionTest">
    <failure type="java.lang.AssertionError" message="expected [true] but found [false]">
      <![CDATA[java.lang.AssertionError: expected [true] but found [false]
	at Zhihuiya_regressionTest.export_pat_357(Zhihuiya_regressionTest.java:7836)
... Removed 29 stack frames]]>
    </failure>
  </testcase> <!-- export_pat_357 -->
</testsuite> <!-- zhihuiya_export_pat_357_1 -->
