<?xml version="1.0" encoding="UTF-8"?>
<!-- Generated by org.testng.reporters.JUnitXMLReporter -->
<testsuite hostname="aaron-PC" name="zhihuiya_export_pat_360_1" tests="1" failures="1" timestamp="11 Aug 2014 03:54:07 GMT" time="61.733" errors="0">
  <testcase name="export_pat_360" time="58.758" classname="Zhihuiya_regressionTest">
    <failure type="java.lang.AssertionError" message="expected [true] but found [false]">
      <![CDATA[java.lang.AssertionError: expected [true] but found [false]
	at Zhihuiya_regressionTest.export_pat_360(Zhihuiya_regressionTest.java:8023)
... Removed 29 stack frames]]>
    </failure>
  </testcase> <!-- export_pat_360 -->
</testsuite> <!-- zhihuiya_export_pat_360_1 -->
