<?xml version="1.0" encoding="UTF-8"?>
<!-- Generated by org.testng.reporters.JUnitXMLReporter -->
<testsuite hostname="aaron-PC" name="zhihuiya_export_pat_336_6" tests="1" failures="1" timestamp="25 Jul 2014 06:03:23 GMT" time="42.698" errors="0">
  <testcase name="export_pat_336" time="34.68" classname="Zhihuiya_regressionTest">
    <failure type="java.lang.AssertionError" message="expected [true] but found [false]">
      <![CDATA[java.lang.AssertionError: expected [true] but found [false]
	at Zhihuiya_regressionTest.export_pat_336(Zhihuiya_regressionTest.java:5664)
... Removed 29 stack frames]]>
    </failure>
  </testcase> <!-- export_pat_336 -->
</testsuite> <!-- zhihuiya_export_pat_336_6 -->
