<?xml version="1.0" encoding="UTF-8"?>
<!-- Generated by org.testng.reporters.JUnitXMLReporter -->
<testsuite hostname="shupan-zhihuiya" name="zhihuiya_userList_1" tests="1" failures="1" timestamp="24 Jun 2014 06:50:06 GMT" time="67.39" errors="0">
  <testcase name="userList_1" time="60.026" classname="Zhihuiya_regressionTest">
    <failure type="java.lang.AssertionError" message="expected [false] but found [true]">
      <![CDATA[java.lang.AssertionError: expected [false] but found [true]
	at Zhihuiya_regressionTest.userList_1(Zhihuiya_regressionTest.java:1846)
... Removed 29 stack frames]]>
    </failure>
  </testcase> <!-- userList_1 -->
</testsuite> <!-- zhihuiya_userList_1 -->
